ISim log file
Running: /home/shomed/a/anderlim/Desktop/tdt4255/Ex0/stack_machine_tb_isim_beh.exe -gui -tclbatch isim.cmd -wdb /home/shomed/a/anderlim/Desktop/tdt4255/Ex0/stack_machine_tb_isim_beh.wdb 
INFO: There is another simulation running in the same directory. Using database file name isim1.wdb.
ISim M.81d (signature 0x141a37e9)
----------------------------------------------------------------------
INFO:Security:51 - The XILINXD_LICENSE_FILE environment variable is not set.
INFO:Security:52 - The LM_LICENSE_FILE environment variable is set to '2100@xilinx.license.idi.ntnu.no'.
WARNING:Security:43 - No license file was found in the standard Xilinx license directory.
WARNING:Security:44 - No license file was found.
       Please run the Xilinx License Configuration Manager
       (xlcm or "Manage Xilinx Licenses")
       to assist in obtaining a license.
WARNING:Security:42 - Your software subscription period has lapsed. Your current version of Xilinx tools will continue to function, but you no longer qualify for Xilinx software updates or new releases.


----------------------------------------------------------------------
This is a Full version of ISim.
Time resolution is 1 ps
# onerror resume
# wave add /
# run 1000 ns
Simulator is doing circuit initialization process.
Finished circuit initialization process.
# exit 0
