Command line:
   control_tb_isim_beh.exe
     -simmode  gui
     -simrunnum  1
     -socket  49778

Mon Sep 14 13:50:39 2015


 Elaboration Time: 0.04 sec

 Current Memory Usage: 115.528 Meg

 Total Signals          : 27
 Total Nets             : 36
 Total Signal Drivers   : 14
 Total Blocks           : 6
 Total Primitive Blocks : 5
 Total Processes        : 5
 Total Traceable Variables  : 14
 Total Scalar Nets and Variables : 520

** Failure:TEST SUCCESS
User(VHDL) Code Called Simulation Stop
In process control_tb.vhd:WaveGen_Proc 
 


 Total Simulation Time: 0.06 sec

 Current Memory Usage: 124.908 Meg

Mon Sep 14 13:50:50 2015

