ISim log file
Running: /home/peter/Documents/Datateknikk/DM kons/tdt4255/oving1/tb_ProgramCounter_isim_beh.exe -intstyle ise -gui -tclbatch isim.cmd -wdb /home/peter/Documents/Datateknikk/DM kons/tdt4255/oving1/tb_ProgramCounter_isim_beh.wdb 
INFO: There is another simulation running in the same directory. Using database file name isim1.wdb.
ISim P.20131013 (signature 0xfbc00daa)
WARNING: A WEBPACK license was found.
WARNING: Please use Xilinx License Configuration Manager to check out a full ISim license.
WARNING: ISim will run in Lite mode. Please refer to the ISim documentation for more information on the differences between the Lite and the Full version.
This is a Lite version of ISim.
Time resolution is 1 ps
# onerror resume
# wave add /
# run 1000 ns
Simulator is doing circuit initialization process.
Finished circuit initialization process.
at 340 ns: Note: #1  :^) next addr is 0 after reset (^: (/tb_programcounter/).
at 340 ns: Note: #2  :^) current addr did not update before clk edge(^: (/tb_programcounter/).
at 360 ns: Note: #3  :^) current addr updated after clk edge (^: (/tb_programcounter/).
at 400 ns: Note: #4  :^) next addr resets correctly after being driven (^: (/tb_programcounter/).

** Failure::^) Test complete  (^:
User(VHDL) Code Called Simulation Stop
In process tb_ProgramCounter.vhd:stim_proc 
 
INFO: Simulator is stopped.
# exit 0
