Release 12.4 - xst M.81d (lin)
Copyright (c) 1995-2010 Xilinx, Inc.  All rights reserved.
--> 
Parameter TMPDIR set to xst/projnav.tmp


Total REAL time to Xst completion: 0.00 secs
Total CPU time to Xst completion: 0.07 secs
 
--> 
Parameter xsthdpdir set to xst


Total REAL time to Xst completion: 0.00 secs
Total CPU time to Xst completion: 0.07 secs
 
--> 
Reading design: MIPSSystem.prj

TABLE OF CONTENTS
  1) Synthesis Options Summary
  2) HDL Parsing
  3) HDL Elaboration
  4) HDL Synthesis
       4.1) HDL Synthesis Report
  5) Advanced HDL Synthesis
       5.1) Advanced HDL Synthesis Report
  6) Low Level Synthesis
  7) Partition Report
  8) Design Summary
       8.1) Primitive and Black Box Usage
       8.2) Device utilization summary
       8.3) Partition Resource Summary
       8.4) Timing Report
            8.4.1) Clock Information
            8.4.2) Asynchronous Control Signals Information
            8.4.3) Timing Summary
            8.4.4) Timing Details
            8.4.5) Cross Clock Domains Report


=========================================================================
*                      Synthesis Options Summary                        *
=========================================================================
---- Source Parameters
Input File Name                    : "MIPSSystem.prj"
Input Format                       : mixed
Ignore Synthesis Constraint File   : NO

---- Target Parameters
Output File Name                   : "MIPSSystem"
Output Format                      : NGC
Target Device                      : xc6slx16-2-csg324

---- Source Options
Top Module Name                    : MIPSSystem
Automatic FSM Extraction           : YES
FSM Encoding Algorithm             : Auto
Safe Implementation                : No
FSM Style                          : LUT
RAM Extraction                     : Yes
RAM Style                          : Auto
ROM Extraction                     : Yes
Shift Register Extraction          : YES
ROM Style                          : Auto
Resource Sharing                   : YES
Asynchronous To Synchronous        : NO
Shift Register Minimum Size        : 2
Use DSP Block                      : Auto
Automatic Register Balancing       : No

---- Target Options
LUT Combining                      : Auto
Reduce Control Sets                : Auto
Add IO Buffers                     : YES
Global Maximum Fanout              : 100000
Add Generic Clock Buffer(BUFG)     : 16
Register Duplication               : YES
Optimize Instantiated Primitives   : NO
Use Clock Enable                   : Auto
Use Synchronous Set                : Auto
Use Synchronous Reset              : Auto
Pack IO Registers into IOBs        : Auto
Equivalent register Removal        : YES

---- General Options
Optimization Goal                  : Speed
Optimization Effort                : 1
Power Reduction                    : NO
Keep Hierarchy                     : No
Netlist Hierarchy                  : As_Optimized
RTL Output                         : Yes
Global Optimization                : AllClockNets
Read Cores                         : YES
Write Timing Constraints           : NO
Cross Clock Analysis               : NO
Hierarchy Separator                : /
Bus Delimiter                      : <>
Case Specifier                     : Maintain
Slice Utilization Ratio            : 100
BRAM Utilization Ratio             : 100
DSP48 Utilization Ratio            : 100
Auto BRAM Packing                  : NO
Slice Utilization Ratio Delta      : 5

=========================================================================


=========================================================================
*                          HDL Parsing                                  *
=========================================================================
Parsing VHDL file "/home/shomeb/o/oyvinrob/tdt4255/oving1/DualPortMem.vhd" into library work
Parsing entity <DualPortMem>.
Parsing architecture <DualPortMem_a> of entity <dualportmem>.
Parsing VHDL file "/home/shomeb/o/oyvinrob/tdt4255/oving1/uart/uartTx.vhd" into library work
Parsing entity <uartTx>.
Parsing architecture <Behavioral> of entity <uarttx>.
Parsing VHDL file "/home/shomeb/o/oyvinrob/tdt4255/oving1/uart/uartRx.vhd" into library work
Parsing entity <uartRx>.
Parsing architecture <Behavioral> of entity <uartrx>.
Parsing VHDL file "/home/shomeb/o/oyvinrob/tdt4255/oving1/uart/uart2BusTop_pkg.vhd" into library work
Parsing package <uart2BusTop_pkg>.
Parsing VHDL file "/home/shomeb/o/oyvinrob/tdt4255/oving1/uart/baudGen.vhd" into library work
Parsing entity <baudGen>.
Parsing architecture <Behavioral> of entity <baudgen>.
Parsing VHDL file "/home/shomeb/o/oyvinrob/tdt4255/oving1/uart/uartTop.vhd" into library work
Parsing entity <uartTop>.
Parsing architecture <Behavioral> of entity <uarttop>.
Parsing VHDL file "/home/shomeb/o/oyvinrob/tdt4255/oving1/uart/uartParser.vhd" into library work
Parsing entity <uartParser>.
Parsing architecture <Behavioral> of entity <uartparser>.
Parsing VHDL file "/home/shomeb/o/oyvinrob/tdt4255/oving1/uart/uart2BusTop.vhd" into library work
Parsing entity <uart2BusTop>.
Parsing architecture <Behavioral> of entity <uart2bustop>.
Parsing VHDL file "/home/shomeb/o/oyvinrob/tdt4255/oving1/MIPSProcessor.vhd" into library work
Parsing entity <MIPSProcessor>.
Parsing architecture <MultiCycleMIPS> of entity <mipsprocessor>.
Parsing VHDL file "/home/shomeb/o/oyvinrob/tdt4255/oving1/HostComm.vhd" into library work
Parsing entity <HostComm>.
Parsing architecture <Behavioral> of entity <hostcomm>.
Parsing VHDL file "/home/shomeb/o/oyvinrob/tdt4255/oving1/MIPSSystem.vhd" into library work
Parsing entity <MIPSSystem>.
Parsing architecture <Behavioral> of entity <mipssystem>.

=========================================================================
*                            HDL Elaboration                            *
=========================================================================

Elaborating entity <MIPSSystem> (architecture <Behavioral>) with generics from library <work>.

Elaborating entity <MIPSProcessor> (architecture <MultiCycleMIPS>) with generics from library <work>.
WARNING:HDLCompiler:92 - "/home/shomeb/o/oyvinrob/tdt4255/oving1/MIPSProcessor.vhd" Line 59: imem_data_in should be on the sensitivity list of the process
WARNING:HDLCompiler:92 - "/home/shomeb/o/oyvinrob/tdt4255/oving1/MIPSProcessor.vhd" Line 60: program_counter should be on the sensitivity list of the process
WARNING:HDLCompiler:1127 - "/home/shomeb/o/oyvinrob/tdt4255/oving1/MIPSProcessor.vhd" Line 55: Assignment to if_register ignored, since the identifier is never used

Elaborating entity <HostComm> (architecture <Behavioral>) from library <work>.

Elaborating entity <uart2BusTop> (architecture <Behavioral>) with generics from library <work>.

Elaborating entity <uartTop> (architecture <Behavioral>) from library <work>.

Elaborating entity <baudGen> (architecture <Behavioral>) from library <work>.

Elaborating entity <uartTx> (architecture <Behavioral>) from library <work>.

Elaborating entity <uartRx> (architecture <Behavioral>) from library <work>.

Elaborating entity <uartParser> (architecture <Behavioral>) with generics from library <work>.

Elaborating entity <DualPortMem> (architecture <DualPortMem_a>) from library <work>.

=========================================================================
*                           HDL Synthesis                               *
=========================================================================

Synthesizing Unit <MIPSSystem>.
    Related source file is "/home/shomeb/o/oyvinrob/tdt4255/oving1/MIPSSystem.vhd".
        ADDR_WIDTH = 8
        DATA_WIDTH = 32
    Summary:
	no macro.
Unit <MIPSSystem> synthesized.

Synthesizing Unit <MIPSProcessor>.
    Related source file is "/home/shomeb/o/oyvinrob/tdt4255/oving1/MIPSProcessor.vhd".
        ADDR_WIDTH = 8
        DATA_WIDTH = 32
WARNING:Xst:647 - Input <imem_data_in<31:0>> is never used. This port will be preserved and left unconnected if it belongs to a top-level block or it belongs to a sub-block and the hierarchy of this sub-block is preserved.
WARNING:Xst:647 - Input <dmem_data_in<31:0>> is never used. This port will be preserved and left unconnected if it belongs to a top-level block or it belongs to a sub-block and the hierarchy of this sub-block is preserved.
    Found 2-bit register for signal <state>.
INFO:Xst:1799 - State s_stall is never reached in FSM <state>.
    Found finite state machine <FSM_0> for signal <state>.
    -----------------------------------------------------------------------
    | States             | 3                                              |
    | Transitions        | 4                                              |
    | Inputs             | 1                                              |
    | Outputs            | 1                                              |
    | Clock              | clk (rising_edge)                              |
    | Reset              | reset (positive)                               |
    | Reset type         | asynchronous                                   |
    | Reset State        | s_fetch                                        |
    | Power Up State     | s_fetch                                        |
    | Encoding           | auto                                           |
    | Implementation     | LUT                                            |
    -----------------------------------------------------------------------
    Found 8-bit adder for signal <program_counter[7]_GND_5_o_add_2_OUT> created at line 1241.
WARNING:Xst:737 - Found 1-bit latch for signal <program_counter<7>>. Latches may be generated from incomplete case or if statements. We do not recommend the use of latches in FPGA/CPLD designs, as they may lead to timing problems.
WARNING:Xst:737 - Found 1-bit latch for signal <program_counter<6>>. Latches may be generated from incomplete case or if statements. We do not recommend the use of latches in FPGA/CPLD designs, as they may lead to timing problems.
WARNING:Xst:737 - Found 1-bit latch for signal <program_counter<5>>. Latches may be generated from incomplete case or if statements. We do not recommend the use of latches in FPGA/CPLD designs, as they may lead to timing problems.
WARNING:Xst:737 - Found 1-bit latch for signal <program_counter<4>>. Latches may be generated from incomplete case or if statements. We do not recommend the use of latches in FPGA/CPLD designs, as they may lead to timing problems.
WARNING:Xst:737 - Found 1-bit latch for signal <program_counter<3>>. Latches may be generated from incomplete case or if statements. We do not recommend the use of latches in FPGA/CPLD designs, as they may lead to timing problems.
WARNING:Xst:737 - Found 1-bit latch for signal <program_counter<2>>. Latches may be generated from incomplete case or if statements. We do not recommend the use of latches in FPGA/CPLD designs, as they may lead to timing problems.
WARNING:Xst:737 - Found 1-bit latch for signal <program_counter<1>>. Latches may be generated from incomplete case or if statements. We do not recommend the use of latches in FPGA/CPLD designs, as they may lead to timing problems.
WARNING:Xst:737 - Found 1-bit latch for signal <program_counter<0>>. Latches may be generated from incomplete case or if statements. We do not recommend the use of latches in FPGA/CPLD designs, as they may lead to timing problems.
    Summary:
	inferred   1 Adder/Subtractor(s).
	inferred   8 Latch(s).
	inferred   1 Finite State Machine(s).
Unit <MIPSProcessor> synthesized.

Synthesizing Unit <HostComm>.
    Related source file is "/home/shomeb/o/oyvinrob/tdt4255/oving1/HostComm.vhd".
INFO:Xst:3010 - "/home/shomeb/o/oyvinrob/tdt4255/oving1/HostComm.vhd" line 61: Output port <intAccessReq> of the instance <UARTHandlerInst> is unconnected or connected to loadless signal.
INFO:Xst:3010 - "/home/shomeb/o/oyvinrob/tdt4255/oving1/HostComm.vhd" line 61: Output port <intRead> of the instance <UARTHandlerInst> is unconnected or connected to loadless signal.
    Found 1-bit register for signal <procEnableSignal>.
    Found 1-bit register for signal <procResetSignal>.
    Found 8-bit 3-to-1 multiplexer for signal <regReadData> created at line 53.
    Summary:
	inferred   2 D-type flip-flop(s).
	inferred   6 Multiplexer(s).
Unit <HostComm> synthesized.

Synthesizing Unit <uart2BusTop>.
    Related source file is "/home/shomeb/o/oyvinrob/tdt4255/oving1/uart/uart2BusTop.vhd".
        AW = 16
INFO:Xst:3010 - "/home/shomeb/o/oyvinrob/tdt4255/oving1/uart/uart2BusTop.vhd" line 48: Output port <baudClk> of the instance <ut> is unconnected or connected to loadless signal.
    Summary:
	no macro.
Unit <uart2BusTop> synthesized.

Synthesizing Unit <uartTop>.
    Related source file is "/home/shomeb/o/oyvinrob/tdt4255/oving1/uart/uartTop.vhd".
    Summary:
	no macro.
Unit <uartTop> synthesized.

Synthesizing Unit <baudGen>.
    Related source file is "/home/shomeb/o/oyvinrob/tdt4255/oving1/uart/baudGen.vhd".
    Found 1-bit register for signal <ce16>.
    Found 16-bit register for signal <counter>.
    Found 16-bit adder for signal <counter[15]_GND_20_o_add_2_OUT> created at line 43.
    Found 16-bit subtractor for signal <GND_20_o_GND_20_o_sub_2_OUT<15:0>> created at line 40.
    Found 16-bit comparator lessequal for signal <n0000> created at line 39
    Summary:
	inferred   1 Adder/Subtractor(s).
	inferred  17 D-type flip-flop(s).
	inferred   1 Comparator(s).
	inferred   1 Multiplexer(s).
Unit <baudGen> synthesized.

Synthesizing Unit <uartTx>.
    Related source file is "/home/shomeb/o/oyvinrob/tdt4255/oving1/uart/uartTx.vhd".
    Found 1-bit register for signal <serOut>.
    Found 1-bit register for signal <iTxBusy>.
    Found 4-bit register for signal <bitCount>.
    Found 4-bit register for signal <count16>.
    Found 9-bit register for signal <dataBuf>.
    Found 4-bit adder for signal <count16[3]_GND_21_o_add_0_OUT> created at line 35.
    Found 4-bit adder for signal <bitCount[3]_GND_21_o_add_5_OUT> created at line 61.
    Summary:
	inferred   2 Adder/Subtractor(s).
	inferred  19 D-type flip-flop(s).
	inferred   4 Multiplexer(s).
Unit <uartTx> synthesized.

Synthesizing Unit <uartRx>.
    Related source file is "/home/shomeb/o/oyvinrob/tdt4255/oving1/uart/uartRx.vhd".
    Found 2-bit register for signal <inSync>.
    Found 1-bit register for signal <rxBusy>.
    Found 1-bit register for signal <newRxData>.
    Found 4-bit register for signal <count16>.
    Found 4-bit register for signal <bitCount>.
    Found 8-bit register for signal <dataBuf>.
    Found 8-bit register for signal <rxData>.
    Found 4-bit adder for signal <count16[3]_GND_23_o_add_1_OUT> created at line 48.
    Found 4-bit adder for signal <bitCount[3]_GND_23_o_add_6_OUT> created at line 77.
    Summary:
	inferred   2 Adder/Subtractor(s).
	inferred  28 D-type flip-flop(s).
	inferred   2 Multiplexer(s).
Unit <uartRx> synthesized.

Synthesizing Unit <uartParser>.
    Related source file is "/home/shomeb/o/oyvinrob/tdt4255/oving1/uart/uartParser.vhd".
        AW = 16
    Found 1-bit register for signal <sTxBusy>.
    Found 1-bit register for signal <readOp>.
    Found 1-bit register for signal <writeOp>.
    Found 1-bit register for signal <binReadOp>.
    Found 1-bit register for signal <binWriteOp>.
    Found 1-bit register for signal <sendStatFlag>.
    Found 1-bit register for signal <addrAutoInc>.
    Found 1-bit register for signal <iReadReq>.
    Found 1-bit register for signal <iIntRead>.
    Found 1-bit register for signal <iWriteReq>.
    Found 1-bit register for signal <iIntWrite>.
    Found 1-bit register for signal <readDone>.
    Found 1-bit register for signal <readDoneS>.
    Found 1-bit register for signal <newTxData>.
    Found 8-bit register for signal <dataParam>.
    Found 8-bit register for signal <binByteCount>.
    Found 8-bit register for signal <intWrData>.
    Found 8-bit register for signal <readDataS>.
    Found 8-bit register for signal <txData>.
    Found 16-bit register for signal <addrParam>.
    Found 16-bit register for signal <iIntAddress>.
    Found 3-bit register for signal <txSm>.
    Found 4-bit register for signal <mainSm>.
    Found finite state machine <FSM_2> for signal <mainSm>.
    -----------------------------------------------------------------------
    | States             | 11                                             |
    | Transitions        | 41                                             |
    | Inputs             | 10                                             |
    | Outputs            | 10                                             |
    | Clock              | clk (rising_edge)                              |
    | Reset              | clr (positive)                                 |
    | Reset type         | asynchronous                                   |
    | Reset State        | 0000                                           |
    | Encoding           | auto                                           |
    | Implementation     | LUT                                            |
    -----------------------------------------------------------------------
    Found finite state machine <FSM_1> for signal <txSm>.
    -----------------------------------------------------------------------
    | States             | 5                                              |
    | Transitions        | 15                                             |
    | Inputs             | 4                                              |
    | Outputs            | 8                                              |
    | Clock              | clk (rising_edge)                              |
    | Reset              | clr (positive)                                 |
    | Reset type         | asynchronous                                   |
    | Reset State        | 000                                            |
    | Encoding           | auto                                           |
    | Implementation     | LUT                                            |
    -----------------------------------------------------------------------
    Found 16-bit adder for signal <iIntAddress[15]_GND_48_o_add_85_OUT> created at line 414.
    Found 8-bit subtractor for signal <GND_48_o_GND_48_o_sub_73_OUT<7:0>> created at line 354.
    Found 8-bit comparator lessequal for signal <n0169> created at line 518
    Found 8-bit comparator lessequal for signal <n0171> created at line 518
    Found 8-bit comparator lessequal for signal <n0174> created at line 519
    Found 8-bit comparator lessequal for signal <n0176> created at line 519
    Found 8-bit comparator lessequal for signal <n0180> created at line 520
    Found 8-bit comparator lessequal for signal <n0182> created at line 520
    Summary:
	inferred   2 Adder/Subtractor(s).
	inferred  86 D-type flip-flop(s).
	inferred   6 Comparator(s).
	inferred  32 Multiplexer(s).
	inferred   2 Finite State Machine(s).
Unit <uartParser> synthesized.
RTL-Simplification CPUSTAT: 0.11 
RTL-BasicInf CPUSTAT: 0.42 
RTL-BasicOpt CPUSTAT: 0.00 
RTL-Remain-Bus CPUSTAT: 0.00 

=========================================================================
HDL Synthesis Report

Macro Statistics
# Adders/Subtractors                                   : 8
 16-bit adder                                          : 1
 16-bit addsub                                         : 1
 4-bit adder                                           : 4
 8-bit adder                                           : 1
 8-bit subtractor                                      : 1
# Registers                                            : 37
 1-bit register                                        : 21
 16-bit register                                       : 3
 2-bit register                                        : 1
 4-bit register                                        : 4
 8-bit register                                        : 7
 9-bit register                                        : 1
# Latches                                              : 8
 1-bit latch                                           : 8
# Comparators                                          : 7
 16-bit comparator lessequal                           : 1
 8-bit comparator lessequal                            : 6
# Multiplexers                                         : 45
 1-bit 2-to-1 multiplexer                              : 21
 16-bit 2-to-1 multiplexer                             : 6
 4-bit 2-to-1 multiplexer                              : 4
 8-bit 2-to-1 multiplexer                              : 12
 8-bit 3-to-1 multiplexer                              : 1
 9-bit 2-to-1 multiplexer                              : 1
# FSMs                                                 : 3

=========================================================================
INFO:Xst:1767 - HDL ADVISOR - Resource sharing has identified that some arithmetic operations in this design can share the same physical resources for reduced device utilization. For improved clock frequency you may try to disable resource sharing.

=========================================================================
*                       Advanced HDL Synthesis                          *
=========================================================================

Reading core <DualPortMem.ngc>.
Loading core <DualPortMem> for timing and area information for instance <InstrMem>.
Loading core <DualPortMem> for timing and area information for instance <DataMem>.

Synthesizing (advanced) Unit <baudGen>.
The following registers are absorbed into accumulator <counter>: 1 register on signal <counter>.
Unit <baudGen> synthesized (advanced).

Synthesizing (advanced) Unit <uartParser>.
The following registers are absorbed into counter <binByteCount>: 1 register on signal <binByteCount>.
Unit <uartParser> synthesized (advanced).

Synthesizing (advanced) Unit <uartRx>.
The following registers are absorbed into counter <count16>: 1 register on signal <count16>.
The following registers are absorbed into counter <bitCount>: 1 register on signal <bitCount>.
Unit <uartRx> synthesized (advanced).

Synthesizing (advanced) Unit <uartTx>.
The following registers are absorbed into counter <bitCount>: 1 register on signal <bitCount>.
The following registers are absorbed into counter <count16>: 1 register on signal <count16>.
Unit <uartTx> synthesized (advanced).

=========================================================================
Advanced HDL Synthesis Report

Macro Statistics
# Adders/Subtractors                                   : 2
 16-bit adder                                          : 1
 8-bit adder                                           : 1
# Counters                                             : 5
 4-bit up counter                                      : 4
 8-bit down counter                                    : 1
# Accumulators                                         : 1
 16-bit updown accumulator                             : 1
# Registers                                            : 112
 Flip-Flops                                            : 112
# Comparators                                          : 7
 16-bit comparator lessequal                           : 1
 8-bit comparator lessequal                            : 6
# Multiplexers                                         : 53
 1-bit 2-to-1 multiplexer                              : 37
 16-bit 2-to-1 multiplexer                             : 5
 8-bit 2-to-1 multiplexer                              : 9
 8-bit 3-to-1 multiplexer                              : 1
 9-bit 2-to-1 multiplexer                              : 1
# FSMs                                                 : 3

=========================================================================

=========================================================================
*                         Low Level Synthesis                           *
=========================================================================
Analyzing FSM <MFsm> for best encoding.
Optimizing FSM <MIPSProcInst/FSM_0> on signal <state[1:1]> with sequential encoding.
-----------------------
 State     | Encoding
-----------------------
 s_fetch   | 0
 s_execute | 1
 s_stall   | unreached
-----------------------
Analyzing FSM <MFsm> for best encoding.
Optimizing FSM <HostCommInst/UARTHandlerInst/up/FSM_2> on signal <mainSm[1:4]> with gray encoding.
-------------------
 State | Encoding
-------------------
 0000  | 0000
 0101  | 0001
 0001  | 0011
 0011  | 0010
 1000  | 0110
 0010  | 0111
 0100  | 0101
 1001  | 0100
 1010  | 1100
 1011  | 1101
 1100  | 1111
-------------------
Analyzing FSM <MFsm> for best encoding.
Optimizing FSM <HostCommInst/UARTHandlerInst/up/FSM_1> on signal <txSm[1:3]> with user encoding.
-------------------
 State | Encoding
-------------------
 000   | 000
 001   | 001
 100   | 100
 101   | 101
 110   | 110
-------------------

Optimizing unit <MIPSSystem> ...

Optimizing unit <MIPSProcessor> ...

Optimizing unit <HostComm> ...

Optimizing unit <uartParser> ...

Optimizing unit <uartTx> ...

Optimizing unit <uartRx> ...

Mapping all equations...
Building and optimizing final netlist ...
Found area constraint ratio of 100 (+ 5) on block MIPSSystem, actual ratio is 3.
FlipFlop HostCommInst/UARTHandlerInst/up/mainSm_FSM_FFd1 has been replicated 2 time(s)
FlipFlop HostCommInst/UARTHandlerInst/up/mainSm_FSM_FFd2 has been replicated 1 time(s)
FlipFlop HostCommInst/UARTHandlerInst/up/mainSm_FSM_FFd3 has been replicated 1 time(s)
FlipFlop HostCommInst/UARTHandlerInst/up/mainSm_FSM_FFd4 has been replicated 1 time(s)
FlipFlop HostCommInst/UARTHandlerInst/ut/ur/newRxData has been replicated 1 time(s)
FlipFlop HostCommInst/UARTHandlerInst/ut/ur/rxData_0 has been replicated 1 time(s)
FlipFlop HostCommInst/UARTHandlerInst/ut/ur/rxData_1 has been replicated 1 time(s)
FlipFlop HostCommInst/UARTHandlerInst/ut/ur/rxData_2 has been replicated 2 time(s)
FlipFlop HostCommInst/UARTHandlerInst/ut/ur/rxData_3 has been replicated 2 time(s)
FlipFlop HostCommInst/UARTHandlerInst/ut/ur/rxData_4 has been replicated 2 time(s)
FlipFlop HostCommInst/UARTHandlerInst/ut/ur/rxData_5 has been replicated 2 time(s)

Final Macro Processing ...

=========================================================================
Final Register Report

Macro Statistics
# Registers                                            : 176
 Flip-Flops                                            : 176

=========================================================================

=========================================================================
*                           Partition Report                            *
=========================================================================

Partition Implementation Status
-------------------------------

  No Partitions were found in this design.

-------------------------------

=========================================================================
*                            Design Summary                             *
=========================================================================

Top Level Output File Name         : MIPSSystem.ngc

Primitive and Black Box Usage:
------------------------------
# BELS                             : 422
#      GND                         : 3
#      INV                         : 7
#      LUT1                        : 18
#      LUT2                        : 21
#      LUT3                        : 43
#      LUT4                        : 52
#      LUT5                        : 34
#      LUT6                        : 152
#      MUXCY                       : 37
#      MUXF7                       : 12
#      VCC                         : 3
#      XORCY                       : 40
# FlipFlops/Latches                : 184
#      FDC                         : 69
#      FDCE                        : 103
#      FDP                         : 4
#      LD                          : 8
# RAMS                             : 2
#      RAMB16BWER                  : 2
# Clock Buffers                    : 1
#      BUFGP                       : 1
# IO Buffers                       : 7
#      IBUF                        : 2
#      OBUF                        : 5

Device utilization summary:
---------------------------

Selected Device : 6slx16csg324-2 


Slice Logic Utilization: 
 Number of Slice Registers:             184  out of  18224     1%  
 Number of Slice LUTs:                  327  out of   9112     3%  
    Number used as Logic:               327  out of   9112     3%  

Slice Logic Distribution: 
 Number of LUT Flip Flop pairs used:    361
   Number with an unused Flip Flop:     177  out of    361    49%  
   Number with an unused LUT:            34  out of    361     9%  
   Number of fully used LUT-FF pairs:   150  out of    361    41%  
   Number of unique control sets:        16

IO Utilization: 
 Number of IOs:                           8
 Number of bonded IOBs:                   8  out of    232     3%  

Specific Feature Utilization:
 Number of Block RAM/FIFO:                2  out of     32     6%  
    Number using Block RAM only:          2
 Number of BUFG/BUFGCTRLs:                1  out of     16     6%  

---------------------------
Partition Resource Summary:
---------------------------

  No Partitions were found in this design.

---------------------------


=========================================================================
Timing Report

NOTE: THESE TIMING NUMBERS ARE ONLY A SYNTHESIS ESTIMATE.
      FOR ACCURATE TIMING INFORMATION PLEASE REFER TO THE TRACE REPORT
      GENERATED AFTER PLACE-and-ROUTE.

Clock Information:
------------------
-----------------------------------+-------------------------------------+-------+
Clock Signal                       | Clock buffer(FF name)               | Load  |
-----------------------------------+-------------------------------------+-------+
clk                                | BUFGP                               | 178   |
MIPSProcInst/state_FSM_FFd1        | NONE(MIPSProcInst/program_counter_7)| 8     |
-----------------------------------+-------------------------------------+-------+
INFO:Xst:2169 - HDL ADVISOR - Some clock signals were not automatically buffered by XST with BUFG/BUFR resources. Please use the buffer_type constraint in order to insert these buffers to the clock signals to help prevent skew problems.

Asynchronous Control Signals Information:
----------------------------------------
No asynchronous control signals found in this design

Timing Summary:
---------------
Speed Grade: -2

   Minimum period: 6.467ns (Maximum Frequency: 154.631MHz)
   Minimum input arrival time before clock: 4.257ns
   Maximum output required time after clock: 4.226ns
   Maximum combinational path delay: No path found

Timing Details:
---------------
All values displayed in nanoseconds (ns)

=========================================================================
Timing constraint: Default period analysis for Clock 'clk'
  Clock period: 6.467ns (frequency: 154.631MHz)
  Total number of paths / destination ports: 6329 / 327
-------------------------------------------------------------------------
Delay:               6.467ns (Levels of Logic = 4)
  Source:            HostCommInst/UARTHandlerInst/ut/ur/rxData_7 (FF)
  Destination:       HostCommInst/UARTHandlerInst/up/mainSm_FSM_FFd4 (FF)
  Source Clock:      clk rising
  Destination Clock: clk rising

  Data Path: HostCommInst/UARTHandlerInst/ut/ur/rxData_7 to HostCommInst/UARTHandlerInst/up/mainSm_FSM_FFd4
                                Gate     Net
    Cell:in->out      fanout   Delay   Delay  Logical Name (Net Name)
    ----------------------------------------  ------------
     FDCE:C->Q            15   0.633   1.756  HostCommInst/UARTHandlerInst/ut/ur/rxData_7 (HostCommInst/UARTHandlerInst/ut/ur/rxData_7)
     LUT5:I0->O            4   0.373   0.804  HostCommInst/UARTHandlerInst/up/rxData[7]_rxData[7]_OR_24_o11 (HostCommInst/UARTHandlerInst/up/N57)
     LUT6:I5->O            1   0.373   0.820  HostCommInst/UARTHandlerInst/up/mainSm_FSM_FFd4-In3 (HostCommInst/UARTHandlerInst/up/mainSm_FSM_FFd4-In4)
     LUT6:I4->O            1   0.373   0.820  HostCommInst/UARTHandlerInst/up/mainSm_FSM_FFd4-In4 (HostCommInst/UARTHandlerInst/up/mainSm_FSM_FFd4-In5)
     LUT6:I4->O            2   0.373   0.000  HostCommInst/UARTHandlerInst/up/mainSm_FSM_FFd4-In5 (HostCommInst/UARTHandlerInst/up/mainSm_FSM_FFd4-In)
     FDC:D                     0.142          HostCommInst/UARTHandlerInst/up/mainSm_FSM_FFd4
    ----------------------------------------
    Total                      6.467ns (2.267ns logic, 4.200ns route)
                                       (35.1% logic, 64.9% route)

=========================================================================
Timing constraint: Default period analysis for Clock 'MIPSProcInst/state_FSM_FFd1'
  Clock period: 3.564ns (frequency: 280.584MHz)
  Total number of paths / destination ports: 36 / 8
-------------------------------------------------------------------------
Delay:               3.564ns (Levels of Logic = 2)
  Source:            MIPSProcInst/program_counter_0 (LATCH)
  Destination:       MIPSProcInst/program_counter_7 (LATCH)
  Source Clock:      MIPSProcInst/state_FSM_FFd1 rising
  Destination Clock: MIPSProcInst/state_FSM_FFd1 rising

  Data Path: MIPSProcInst/program_counter_0 to MIPSProcInst/program_counter_7
                                Gate     Net
    Cell:in->out      fanout   Delay   Delay  Logical Name (Net Name)
    ----------------------------------------  ------------
     LD:G->Q               8   0.748   1.232  MIPSProcInst/program_counter_0 (MIPSProcInst/program_counter_0)
     LUT3:I0->O            2   0.373   0.726  MIPSProcInst/program_counter[7]_GND_5_o_add_2_OUT<3>11 (MIPSProcInst/program_counter[7]_GND_5_o_add_2_OUT<3>_bdd0)
     LUT6:I5->O            1   0.373   0.000  MIPSProcInst/program_counter[7]_GND_5_o_add_2_OUT<7>1 (MIPSProcInst/program_counter[7]_GND_5_o_add_2_OUT<7>)
     LD:D                      0.112          MIPSProcInst/program_counter_7
    ----------------------------------------
    Total                      3.564ns (1.606ns logic, 1.958ns route)
                                       (45.1% logic, 54.9% route)

=========================================================================
Timing constraint: Default OFFSET IN BEFORE for Clock 'clk'
  Total number of paths / destination ports: 176 / 176
-------------------------------------------------------------------------
Offset:              4.257ns (Levels of Logic = 1)
  Source:            reset (PAD)
  Destination:       HostCommInst/UARTHandlerInst/ut/bg/counter_15 (FF)
  Destination Clock: clk rising

  Data Path: reset to HostCommInst/UARTHandlerInst/ut/bg/counter_15
                                Gate     Net
    Cell:in->out      fanout   Delay   Delay  Logical Name (Net Name)
    ----------------------------------------  ------------
     IBUF:I->O           175   1.328   2.389  reset_IBUF (reset_IBUF)
     FDC:CLR                   0.541          HostCommInst/UARTHandlerInst/ut/bg/ce16
    ----------------------------------------
    Total                      4.257ns (1.869ns logic, 2.389ns route)
                                       (43.9% logic, 56.1% route)

=========================================================================
Timing constraint: Default OFFSET OUT AFTER for Clock 'clk'
  Total number of paths / destination ports: 1 / 1
-------------------------------------------------------------------------
Offset:              4.226ns (Levels of Logic = 1)
  Source:            HostCommInst/UARTHandlerInst/ut/ut/serOut (FF)
  Destination:       UART_Tx (PAD)
  Source Clock:      clk rising

  Data Path: HostCommInst/UARTHandlerInst/ut/ut/serOut to UART_Tx
                                Gate     Net
    Cell:in->out      fanout   Delay   Delay  Logical Name (Net Name)
    ----------------------------------------  ------------
     FDP:C->Q              1   0.633   0.681  HostCommInst/UARTHandlerInst/ut/ut/serOut (HostCommInst/UARTHandlerInst/ut/ut/serOut)
     OBUF:I->O                 2.912          UART_Tx_OBUF (UART_Tx)
    ----------------------------------------
    Total                      4.226ns (3.545ns logic, 0.681ns route)
                                       (83.9% logic, 16.1% route)

=========================================================================

Cross Clock Domains Report:
--------------------------

Clock to Setup on destination clock MIPSProcInst/state_FSM_FFd1
---------------------------+---------+---------+---------+---------+
                           | Src:Rise| Src:Fall| Src:Rise| Src:Fall|
Source Clock               |Dest:Rise|Dest:Rise|Dest:Fall|Dest:Fall|
---------------------------+---------+---------+---------+---------+
MIPSProcInst/state_FSM_FFd1|    3.564|         |         |         |
---------------------------+---------+---------+---------+---------+

Clock to Setup on destination clock clk
---------------------------+---------+---------+---------+---------+
                           | Src:Rise| Src:Fall| Src:Rise| Src:Fall|
Source Clock               |Dest:Rise|Dest:Rise|Dest:Fall|Dest:Fall|
---------------------------+---------+---------+---------+---------+
MIPSProcInst/state_FSM_FFd1|    2.091|         |         |         |
clk                        |    6.467|         |         |         |
---------------------------+---------+---------+---------+---------+

=========================================================================


Total REAL time to Xst completion: 9.00 secs
Total CPU time to Xst completion: 9.53 secs
 
--> 


Total memory usage is 143788 kilobytes

Number of errors   :    0 (   0 filtered)
Number of warnings :   13 (   0 filtered)
Number of infos    :    6 (   0 filtered)

