Command line:
   tb_ProgramCounter_isim_beh.exe
     -simmode  gui
     -simrunnum  1
     -socket  37920

Tue Sep  1 12:58:20 2015


 Elaboration Time: 0.02 sec

 Current Memory Usage: 196.145 Meg

 Total Signals          : 8
 Total Nets             : 66
 Total Signal Drivers   : 4
 Total Blocks           : 5
 Total Primitive Blocks : 4
 Total Processes        : 3
 Total Traceable Variables  : 9
 Total Scalar Nets and Variables : 427
Total Line Count : 29

** Failure::^) Test complete  (^:
User(VHDL) Code Called Simulation Stop
In process tb_ProgramCounter.vhd:stim_proc 
 


 Total Simulation Time: 0.03 sec

 Current Memory Usage: 271.647 Meg

Tue Sep  1 12:58:32 2015

