Command line:
   stack_tb_isim_beh.exe
     -simmode  gui
     -simrunnum  0
     -socket  53015

Wed Aug 26 20:04:36 2015


 Elaboration Time: 0.05 sec

 Current Memory Usage: 116.204 Meg

 Total Signals          : 21
 Total Nets             : 2069
 Total Signal Drivers   : 8
 Total Blocks           : 7
 Total Primitive Blocks : 5
 Total Processes        : 4
 Total Traceable Variables  : 16
 Total Scalar Nets and Variables : 2555

** Failure:Top value should be reflected on cycle after pop
User(VHDL) Code Called Simulation Stop
In process stack_tb.vhd:WaveGen_Proc 
 


 Total Simulation Time: 0.05 sec

 Current Memory Usage: 125.583 Meg

Wed Aug 26 20:10:41 2015

