Command line:
   stack_machine_tb_isim_beh.exe
     -simmode  gui
     -simrunnum  0
     -socket  35558

Wed Aug 26 18:24:43 2015


 Elaboration Time: 0.03 sec

 Current Memory Usage: 115.528 Meg

 Total Signals          : 43
 Total Nets             : 90
 Total Signal Drivers   : 18
 Total Blocks           : 8
 Total Primitive Blocks : 6
 Total Processes        : 6
 Total Traceable Variables  : 17
 Total Scalar Nets and Variables : 577

** Failure:instructions should not be requested when empty is high
User(VHDL) Code Called Simulation Stop
In process stack_machine_tb.vhd:WaveGen_Proc 
 


 Total Simulation Time: 0.05 sec

 Current Memory Usage: 124.908 Meg

Wed Aug 26 18:24:57 2015

